Array
(
    [sql] => SELECT * FROM x2_session WHERE  sessionid = :sessionid  LIMIT 512
    [v] => Array
        (
            [sessionid] => hqrvnl8ae972hd4avonhonmjc6
        )

)
Array
(
    [0] => 00000
    [1] => 
    [2] => 
)
Array
(
    [sql] => SHOW FULL COLUMNS FROM  `x2_session`
)
Array
(
    [0] => 00000
    [1] => 
    [2] => 
)
Array
(
    [sql] => INSERT INTO x2_session (sessionid,sessionuserid,sessionusername,sessionpassword,sessionip,sessionmanage,sessiongroupid,sessioncurrent,sessionrandcode,sessionlogintime,sessiontimelimit,sessionlasttime,sessionmaster) VALUES (:sessionid,:sessionuserid,:sessionusername,:sessionpassword,:sessionip,:sessionmanage,:sessiongroupid,:sessioncurrent,:sessionrandcode,:sessionlogintime,:sessiontimelimit,:sessionlasttime,:sessionmaster)
    [v] => Array
        (
            [sessionid] => hqrvnl8ae972hd4avonhonmjc6
            [sessionuserid] => 0
            [sessionusername] => 
            [sessionpassword] => 
            [sessionip] => 127.0.0.1
            [sessionmanage] => 0
            [sessiongroupid] => 0
            [sessioncurrent] => 
            [sessionrandcode] => 
            [sessionlogintime] => 0
            [sessiontimelimit] => 0
            [sessionlasttime] => 0
            [sessionmaster] => 0
        )

    [dim] => 0
)
Array
(
    [0] => 00000
    [1] => 
    [2] => 
)
Array
(
    [sql] => SELECT * FROM x2_user AS user,x2_user_group AS user_group WHERE  user.userid = :id  AND user.usergroupid = user_group.groupid  LIMIT 512
    [v] => Array
        (
            [id] => 
        )

)
Array
(
    [0] => 00000
    [1] => 
    [2] => 
)
Array
(
    [sql] => SELECT * FROM x2_category WHERE  catapp = :catapp  ORDER BY catlite DESC,catid DESC
    [v] => Array
        (
            [catapp] => content
        )

)
Array
(
    [0] => 00000
    [1] => 
    [2] => 
)
Array
(
    [sql] => SELECT * FROM x2_category WHERE  catindex > 0  AND catapp = :catapp  ORDER BY catlite DESC,catid DESC
    [v] => Array
        (
            [catapp] => content
        )

)
Array
(
    [0] => 00000
    [1] => 
    [2] => 
)
Array
(
    [sql] => SELECT * FROM x2_category WHERE  catapp = :catapp  ORDER BY catlite DESC,catid DESC
    [v] => Array
        (
            [catapp] => content
        )

)
Array
(
    [0] => 00000
    [1] => 
    [2] => 
)
Array
(
    [sql] => SELECT * FROM x2_content WHERE  find_in_set(contentcatid,:catstring)  ORDER BY contentsequence DESC,contentinputtime DESC,contentid DESC LIMIT 0,10
    [v] => Array
        (
            [catstring] => 1
        )

)
Array
(
    [0] => 00000
    [1] => 
    [2] => 
)
Array
(
    [sql] => SELECT count(*) AS number FROM x2_content WHERE  find_in_set(contentcatid,:catstring)  LIMIT 512
    [v] => Array
        (
            [catstring] => 1
        )

)
Array
(
    [0] => 00000
    [1] => 
    [2] => 
)
Array
(
    [sql] => SELECT * FROM x2_content WHERE  find_in_set(contentcatid,:catstring)  ORDER BY contentsequence DESC,contentinputtime DESC,contentid DESC LIMIT 0,3
    [v] => Array
        (
            [catstring] => 2
        )

)
Array
(
    [0] => 00000
    [1] => 
    [2] => 
)
Array
(
    [sql] => SELECT count(*) AS number FROM x2_content WHERE  find_in_set(contentcatid,:catstring)  LIMIT 512
    [v] => Array
        (
            [catstring] => 2
        )

)
Array
(
    [0] => 00000
    [1] => 
    [2] => 
)
Array
(
    [sql] => SELECT count(*) AS number,ehusername,max(ehscore) as ehscore FROM x2_examhistory WHERE  ehstarttime >= :ehstarttime  GROUP BY ehuserid ORDER BY number DESC LIMIT 10
    [v] => Array
        (
            [ehstarttime] => 1466516460
        )

)
Array
(
    [0] => 00000
    [1] => 
    [2] => 
)
Array
(
    [sql] => SELECT count(*) AS number,ehusername,max(ehscore) as ehscore FROM x2_examhistory WHERE  ehstarttime >= :ehstarttime  GROUP BY ehuserid ORDER BY number DESC LIMIT 10
    [v] => Array
        (
            [ehstarttime] => 1464529260
        )

)
Array
(
    [0] => 00000
    [1] => 
    [2] => 
)
Array
(
    [sql] => SELECT count(*) AS number,ehbasicid FROM x2_examhistory WHERE  ehstarttime >= :ehstarttime  GROUP BY ehbasicid ORDER BY number DESC LIMIT 6
    [v] => Array
        (
            [ehstarttime] => 1465393260
        )

)
Array
(
    [0] => 00000
    [1] => 
    [2] => 
)
Array
(
    [sql] => SELECT * FROM x2_basic WHERE 1 ORDER BY basicid DESC LIMIT 0,6
    [v] => 
)
Array
(
    [0] => 00000
    [1] => 
    [2] => 
)
Array
(
    [sql] => SELECT count(*) AS number FROM x2_basic WHERE 1 LIMIT 512
    [v] => 
)
Array
(
    [0] => 00000
    [1] => 
    [2] => 
)
Array
(
    [sql] => SELECT * FROM x2_session WHERE  sessionid = :sessionid  LIMIT 512
    [v] => Array
        (
            [sessionid] => hqrvnl8ae972hd4avonhonmjc6
        )

)
Array
(
    [0] => 00000
    [1] => 
    [2] => 
)
Array
(
    [sql] => SELECT * FROM x2_user_group WHERE  groupid = :groupid  ORDER BY groupid DESC
    [v] => Array
        (
            [groupid] => 
        )

)
Array
(
    [0] => 00000
    [1] => 
    [2] => 
)
Array
(
    [sql] => SELECT * FROM x2_session WHERE  sessionid = :sessionid  LIMIT 512
    [v] => Array
        (
            [sessionid] => hqrvnl8ae972hd4avonhonmjc6
        )

)
Array
(
    [0] => 00000
    [1] => 
    [2] => 
)
Array
(
    [sql] => SELECT * FROM x2_user_group WHERE  groupid = :groupid  ORDER BY groupid DESC
    [v] => Array
        (
            [groupid] => 
        )

)
Array
(
    [0] => 00000
    [1] => 
    [2] => 
)
Array
(
    [sql] => SELECT * FROM x2_user AS user,x2_user_group AS user_group WHERE  user.userid = :id  AND user.usergroupid = user_group.groupid  LIMIT 512
    [v] => Array
        (
            [id] => 
        )

)
Array
(
    [0] => 00000
    [1] => 
    [2] => 
)
Array
(
    [sql] => SELECT * FROM x2_app WHERE 1
    [v] => 
)
Array
(
    [0] => 00000
    [1] => 
    [2] => 
)
Array
(
    [sql] => SELECT * FROM x2_session WHERE  sessionid = :sessionid  LIMIT 512
    [v] => Array
        (
            [sessionid] => hqrvnl8ae972hd4avonhonmjc6
        )

)
Array
(
    [0] => 00000
    [1] => 
    [2] => 
)
Array
(
    [sql] => SHOW FULL COLUMNS FROM  `x2_session`
)
Array
(
    [0] => 00000
    [1] => 
    [2] => 
)
Array
(
    [sql] => UPDATE x2_session SET sessionrandcode = :sessionrandcode WHERE 1 AND sessionid = :sessionid  LIMIT 512
    [v] => Array
        (
            [sessionrandcode] => MAXZ
            [sessionid] => hqrvnl8ae972hd4avonhonmjc6
        )

)
Array
(
    [0] => 00000
    [1] => 
    [2] => 
)
Array
(
    [sql] => SELECT * FROM x2_session WHERE  sessionid = :sessionid  LIMIT 512
    [v] => Array
        (
            [sessionid] => hqrvnl8ae972hd4avonhonmjc6
        )

)
Array
(
    [0] => 00000
    [1] => 
    [2] => 
)
Array
(
    [sql] => SHOW FULL COLUMNS FROM  `x2_session`
)
Array
(
    [0] => 00000
    [1] => 
    [2] => 
)
Array
(
    [sql] => UPDATE x2_session SET sessionrandcode = :sessionrandcode WHERE 1 AND sessionid = :sessionid  LIMIT 512
    [v] => Array
        (
            [sessionrandcode] => BSSN
            [sessionid] => hqrvnl8ae972hd4avonhonmjc6
        )

)
Array
(
    [0] => 00000
    [1] => 
    [2] => 
)
Array
(
    [sql] => SELECT * FROM x2_session WHERE  sessionid = :sessionid  LIMIT 512
    [v] => Array
        (
            [sessionid] => hqrvnl8ae972hd4avonhonmjc6
        )

)
Array
(
    [0] => 00000
    [1] => 
    [2] => 
)
Array
(
    [sql] => SELECT * FROM x2_user_group WHERE  groupid = :groupid  ORDER BY groupid DESC
    [v] => Array
        (
            [groupid] => 
        )

)
Array
(
    [0] => 00000
    [1] => 
    [2] => 
)
Array
(
    [sql] => SELECT * FROM x2_user AS user,x2_user_group AS user_group WHERE  user.userid = :id  AND user.usergroupid = user_group.groupid  LIMIT 512
    [v] => Array
        (
            [id] => 
        )

)
Array
(
    [0] => 00000
    [1] => 
    [2] => 
)
Array
(
    [sql] => SELECT * FROM x2_app WHERE 1
    [v] => 
)
Array
(
    [0] => 00000
    [1] => 
    [2] => 
)
Array
(
    [sql] => SELECT * FROM x2_session WHERE  sessionid = :sessionid  LIMIT 512
    [v] => Array
        (
            [sessionid] => hqrvnl8ae972hd4avonhonmjc6
        )

)
Array
(
    [0] => 00000
    [1] => 
    [2] => 
)
Array
(
    [sql] => SELECT * FROM x2_session WHERE  sessionid = :sessionid  LIMIT 512
    [v] => Array
        (
            [sessionid] => hqrvnl8ae972hd4avonhonmjc6
        )

)
Array
(
    [0] => 00000
    [1] => 
    [2] => 
)
Array
(
    [sql] => SHOW FULL COLUMNS FROM  `x2_session`
)
Array
(
    [0] => 00000
    [1] => 
    [2] => 
)
Array
(
    [sql] => UPDATE x2_session SET sessionrandcode = :sessionrandcode WHERE 1 AND sessionid = :sessionid  LIMIT 512
    [v] => Array
        (
            [sessionrandcode] => 6EEQ
            [sessionid] => hqrvnl8ae972hd4avonhonmjc6
        )

)
Array
(
    [0] => 00000
    [1] => 
    [2] => 
)
Array
(
    [sql] => SELECT * FROM x2_session WHERE  sessionid = :sessionid  LIMIT 512
    [v] => Array
        (
            [sessionid] => hqrvnl8ae972hd4avonhonmjc6
        )

)
Array
(
    [0] => 00000
    [1] => 
    [2] => 
)
Array
(
    [sql] => SHOW FULL COLUMNS FROM  `x2_session`
)
Array
(
    [0] => 00000
    [1] => 
    [2] => 
)
Array
(
    [sql] => UPDATE x2_session SET sessionrandcode = :sessionrandcode WHERE 1 AND sessionid = :sessionid  LIMIT 512
    [v] => Array
        (
            [sessionrandcode] => L8BE
            [sessionid] => hqrvnl8ae972hd4avonhonmjc6
        )

)
Array
(
    [0] => 00000
    [1] => 
    [2] => 
)
Array
(
    [sql] => SELECT * FROM x2_session WHERE  sessionid = :sessionid  LIMIT 512
    [v] => Array
        (
            [sessionid] => hqrvnl8ae972hd4avonhonmjc6
        )

)
Array
(
    [0] => 00000
    [1] => 
    [2] => 
)
Array
(
    [sql] => SHOW FULL COLUMNS FROM  `x2_session`
)
Array
(
    [0] => 00000
    [1] => 
    [2] => 
)
Array
(
    [sql] => UPDATE x2_session SET sessionrandcode = :sessionrandcode WHERE 1 AND sessionid = :sessionid  LIMIT 512
    [v] => Array
        (
            [sessionrandcode] => 9ZT8
            [sessionid] => hqrvnl8ae972hd4avonhonmjc6
        )

)
Array
(
    [0] => 00000
    [1] => 
    [2] => 
)
Array
(
    [sql] => SELECT * FROM x2_session WHERE  sessionid = :sessionid  LIMIT 512
    [v] => Array
        (
            [sessionid] => hqrvnl8ae972hd4avonhonmjc6
        )

)
Array
(
    [0] => 00000
    [1] => 
    [2] => 
)
Array
(
    [sql] => SHOW FULL COLUMNS FROM  `x2_session`
)
Array
(
    [0] => 00000
    [1] => 
    [2] => 
)
Array
(
    [sql] => UPDATE x2_session SET sessionrandcode = :sessionrandcode WHERE 1 AND sessionid = :sessionid  LIMIT 512
    [v] => Array
        (
            [sessionrandcode] => P1NP
            [sessionid] => hqrvnl8ae972hd4avonhonmjc6
        )

)
Array
(
    [0] => 00000
    [1] => 
    [2] => 
)
Array
(
    [sql] => SELECT * FROM x2_session WHERE  sessionid = :sessionid  LIMIT 512
    [v] => Array
        (
            [sessionid] => hqrvnl8ae972hd4avonhonmjc6
        )

)
Array
(
    [0] => 00000
    [1] => 
    [2] => 
)
Array
(
    [sql] => SHOW FULL COLUMNS FROM  `x2_session`
)
Array
(
    [0] => 00000
    [1] => 
    [2] => 
)
Array
(
    [sql] => UPDATE x2_session SET sessionrandcode = :sessionrandcode WHERE 1 AND sessionid = :sessionid  LIMIT 512
    [v] => Array
        (
            [sessionrandcode] => NED0
            [sessionid] => hqrvnl8ae972hd4avonhonmjc6
        )

)
Array
(
    [0] => 00000
    [1] => 
    [2] => 
)
Array
(
    [sql] => SELECT * FROM x2_session WHERE  sessionid = :sessionid  LIMIT 512
    [v] => Array
        (
            [sessionid] => hqrvnl8ae972hd4avonhonmjc6
        )

)
Array
(
    [0] => 00000
    [1] => 
    [2] => 
)
Array
(
    [sql] => SHOW FULL COLUMNS FROM  `x2_session`
)
Array
(
    [0] => 00000
    [1] => 
    [2] => 
)
Array
(
    [sql] => UPDATE x2_session SET sessionrandcode = :sessionrandcode WHERE 1 AND sessionid = :sessionid  LIMIT 512
    [v] => Array
        (
            [sessionrandcode] => WHQQ
            [sessionid] => hqrvnl8ae972hd4avonhonmjc6
        )

)
Array
(
    [0] => 00000
    [1] => 
    [2] => 
)
Array
(
    [sql] => SELECT * FROM x2_session WHERE  sessionid = :sessionid  LIMIT 512
    [v] => Array
        (
            [sessionid] => hqrvnl8ae972hd4avonhonmjc6
        )

)
Array
(
    [0] => 00000
    [1] => 
    [2] => 
)
Array
(
    [sql] => SHOW FULL COLUMNS FROM  `x2_session`
)
Array
(
    [0] => 00000
    [1] => 
    [2] => 
)
Array
(
    [sql] => UPDATE x2_session SET sessionrandcode = :sessionrandcode WHERE 1 AND sessionid = :sessionid  LIMIT 512
    [v] => Array
        (
            [sessionrandcode] => 6NQT
            [sessionid] => hqrvnl8ae972hd4avonhonmjc6
        )

)
Array
(
    [0] => 00000
    [1] => 
    [2] => 
)
Array
(
    [sql] => SELECT * FROM x2_session WHERE  sessionid = :sessionid  LIMIT 512
    [v] => Array
        (
            [sessionid] => hqrvnl8ae972hd4avonhonmjc6
        )

)
Array
(
    [0] => 00000
    [1] => 
    [2] => 
)
Array
(
    [sql] => SELECT * FROM x2_user_group WHERE  groupid = :groupid  ORDER BY groupid DESC
    [v] => Array
        (
            [groupid] => 
        )

)
Array
(
    [0] => 00000
    [1] => 
    [2] => 
)
Array
(
    [sql] => SELECT * FROM x2_user AS user,x2_user_group AS user_group WHERE  user.userid = :id  AND user.usergroupid = user_group.groupid  LIMIT 512
    [v] => Array
        (
            [id] => 
        )

)
Array
(
    [0] => 00000
    [1] => 
    [2] => 
)
Array
(
    [sql] => SELECT * FROM x2_app WHERE 1
    [v] => 
)
Array
(
    [0] => 00000
    [1] => 
    [2] => 
)
Array
(
    [sql] => SELECT * FROM x2_session WHERE  sessionid = :sessionid  LIMIT 512
    [v] => Array
        (
            [sessionid] => hqrvnl8ae972hd4avonhonmjc6
        )

)
Array
(
    [0] => 00000
    [1] => 
    [2] => 
)
Array
(
    [sql] => SHOW FULL COLUMNS FROM  `x2_session`
)
Array
(
    [0] => 00000
    [1] => 
    [2] => 
)
Array
(
    [sql] => UPDATE x2_session SET sessionrandcode = :sessionrandcode WHERE 1 AND sessionid = :sessionid  LIMIT 512
    [v] => Array
        (
            [sessionrandcode] => CAQO
            [sessionid] => hqrvnl8ae972hd4avonhonmjc6
        )

)
Array
(
    [0] => 00000
    [1] => 
    [2] => 
)
Array
(
    [sql] => SELECT * FROM x2_user AS user,x2_user_group AS user_group WHERE  user.username = :username  AND user.usergroupid = user_group.groupid  LIMIT 512
    [v] => Array
        (
            [username] => peadmin
        )

)
Array
(
    [0] => 00000
    [1] => 
    [2] => 
)
Array
(
    [sql] => SELECT * FROM x2_user_group WHERE  groupid = :groupid  ORDER BY groupid DESC
    [v] => Array
        (
            [groupid] => 1
        )

)
Array
(
    [0] => 00000
    [1] => 
    [2] => 
)
Array
(
    [sql] => DELETE FROM x2_session WHERE 1 AND sessionid = :sessionid  LIMIT 512
    [v] => Array
        (
            [sessionid] => hqrvnl8ae972hd4avonhonmjc6
        )

)
Array
(
    [0] => 00000
    [1] => 
    [2] => 
)
Array
(
    [sql] => SHOW FULL COLUMNS FROM  `x2_session`
)
Array
(
    [0] => 00000
    [1] => 
    [2] => 
)
Array
(
    [sql] => INSERT INTO x2_session (sessionid,sessionuserid,sessionusername,sessionpassword,sessionip,sessionmanage,sessiongroupid,sessioncurrent,sessionrandcode,sessionlogintime,sessiontimelimit,sessionlasttime,sessionmaster) VALUES (:sessionid,:sessionuserid,:sessionusername,:sessionpassword,:sessionip,:sessionmanage,:sessiongroupid,:sessioncurrent,:sessionrandcode,:sessionlogintime,:sessiontimelimit,:sessionlasttime,:sessionmaster)
    [v] => Array
        (
            [sessionid] => hqrvnl8ae972hd4avonhonmjc6
            [sessionuserid] => 1
            [sessionusername] => peadmin
            [sessionpassword] => 244153a2599be7685c32d2281f57ae67
            [sessionip] => 127.0.0.1
            [sessionmanage] => 0
            [sessiongroupid] => 1
            [sessioncurrent] => 
            [sessionrandcode] => 
            [sessionlogintime] => 1467121344
            [sessiontimelimit] => 1467121344
            [sessionlasttime] => 0
            [sessionmaster] => 0
        )

    [dim] => 0
)
Array
(
    [0] => 00000
    [1] => 
    [2] => 
)
Array
(
    [sql] => SELECT * FROM x2_session WHERE  sessionid = :sessionid  LIMIT 512
    [v] => Array
        (
            [sessionid] => hqrvnl8ae972hd4avonhonmjc6
        )

)
Array
(
    [0] => 00000
    [1] => 
    [2] => 
)
Array
(
    [sql] => SELECT * FROM x2_session WHERE  sessionid = :sessionid  LIMIT 512
    [v] => Array
        (
            [sessionid] => hqrvnl8ae972hd4avonhonmjc6
        )

)
Array
(
    [0] => 00000
    [1] => 
    [2] => 
)
Array
(
    [sql] => SELECT * FROM x2_user_group WHERE  groupid = :groupid  ORDER BY groupid DESC
    [v] => Array
        (
            [groupid] => 1
        )

)
Array
(
    [0] => 00000
    [1] => 
    [2] => 
)
Array
(
    [sql] => SELECT * FROM x2_user AS user,x2_user_group AS user_group WHERE  user.userid = :id  AND user.usergroupid = user_group.groupid  LIMIT 512
    [v] => Array
        (
            [id] => 1
        )

)
Array
(
    [0] => 00000
    [1] => 
    [2] => 
)
Array
(
    [sql] => SELECT * FROM x2_app WHERE 1
    [v] => 
)
Array
(
    [0] => 00000
    [1] => 
    [2] => 
)
Array
(
    [sql] => SELECT * FROM x2_session WHERE  sessionid = :sessionid  LIMIT 512
    [v] => Array
        (
            [sessionid] => hqrvnl8ae972hd4avonhonmjc6
        )

)
Array
(
    [0] => 00000
    [1] => 
    [2] => 
)
Array
(
    [sql] => SELECT * FROM x2_session WHERE  sessionid = :sessionid  LIMIT 512
    [v] => Array
        (
            [sessionid] => hqrvnl8ae972hd4avonhonmjc6
        )

)
Array
(
    [0] => 00000
    [1] => 
    [2] => 
)
Array
(
    [sql] => SELECT * FROM x2_user_group WHERE  groupid = :groupid  ORDER BY groupid DESC
    [v] => Array
        (
            [groupid] => 1
        )

)
Array
(
    [0] => 00000
    [1] => 
    [2] => 
)
Array
(
    [sql] => SELECT * FROM x2_user AS user,x2_user_group AS user_group WHERE  user.userid = :id  AND user.usergroupid = user_group.groupid  LIMIT 512
    [v] => Array
        (
            [id] => 1
        )

)
Array
(
    [0] => 00000
    [1] => 
    [2] => 
)
Array
(
    [sql] => SELECT * FROM x2_app WHERE 1
    [v] => 
)
Array
(
    [0] => 00000
    [1] => 
    [2] => 
)
Array
(
    [sql] => SELECT * FROM x2_session WHERE  sessionid = :sessionid  LIMIT 512
    [v] => Array
        (
            [sessionid] => hqrvnl8ae972hd4avonhonmjc6
        )

)
Array
(
    [0] => 00000
    [1] => 
    [2] => 
)
Array
(
    [sql] => SELECT * FROM x2_session WHERE  sessionid = :sessionid  LIMIT 512
    [v] => Array
        (
            [sessionid] => hqrvnl8ae972hd4avonhonmjc6
        )

)
Array
(
    [0] => 00000
    [1] => 
    [2] => 
)
Array
(
    [sql] => SELECT * FROM x2_user_group WHERE  groupid = :groupid  ORDER BY groupid DESC
    [v] => Array
        (
            [groupid] => 1
        )

)
Array
(
    [0] => 00000
    [1] => 
    [2] => 
)
Array
(
    [sql] => SELECT * FROM x2_user AS user,x2_user_group AS user_group WHERE  user.userid = :id  AND user.usergroupid = user_group.groupid  LIMIT 512
    [v] => Array
        (
            [id] => 1
        )

)
Array
(
    [0] => 00000
    [1] => 
    [2] => 
)
Array
(
    [sql] => SELECT * FROM x2_app WHERE 1
    [v] => 
)
Array
(
    [0] => 00000
    [1] => 
    [2] => 
)
Array
(
    [sql] => SELECT * FROM x2_questype WHERE 1 LIMIT 512
    [v] => 
)
Array
(
    [0] => 00000
    [1] => 
    [2] => 
)
Array
(
    [sql] => SELECT * FROM x2_questions WHERE  questionstatus = '1'  AND questionparent = 0  ORDER BY questionid DESC LIMIT 0,10
    [v] => Array
        (
        )

)
Array
(
    [0] => 00000
    [1] => 
    [2] => 
)
Array
(
    [sql] => SELECT count(*) AS number FROM x2_questions WHERE  questionstatus = '1'  AND questionparent = 0  LIMIT 512
    [v] => Array
        (
        )

)
Array
(
    [0] => 00000
    [1] => 
    [2] => 
)
Array
(
    [sql] => SELECT * FROM x2_subject WHERE 1 LIMIT 512
    [v] => 
)
Array
(
    [0] => 00000
    [1] => 
    [2] => 
)
Array
(
    [sql] => SELECT * FROM x2_sections WHERE  sectionsubjectid = :sectionsubjectid  LIMIT 512
    [v] => Array
        (
            [sectionsubjectid] => 
        )

)
Array
(
    [0] => 00000
    [1] => 
    [2] => 
)
Array
(
    [sql] => SELECT * FROM x2_knows WHERE  knowsstatus = 1  AND knowssectionid = :knowssectionid  ORDER BY knowsid ASC
    [v] => Array
        (
            [knowssectionid] => 
        )

)
Array
(
    [0] => 00000
    [1] => 
    [2] => 
)
Array
(
    [sql] => SELECT * FROM x2_session WHERE  sessionid = :sessionid  LIMIT 512
    [v] => Array
        (
            [sessionid] => hqrvnl8ae972hd4avonhonmjc6
        )

)
Array
(
    [0] => 00000
    [1] => 
    [2] => 
)
Array
(
    [sql] => SELECT * FROM x2_session WHERE  sessionid = :sessionid  LIMIT 512
    [v] => Array
        (
            [sessionid] => hqrvnl8ae972hd4avonhonmjc6
        )

)
Array
(
    [0] => 00000
    [1] => 
    [2] => 
)
Array
(
    [sql] => SELECT * FROM x2_user_group WHERE  groupid = :groupid  ORDER BY groupid DESC
    [v] => Array
        (
            [groupid] => 1
        )

)
Array
(
    [0] => 00000
    [1] => 
    [2] => 
)
Array
(
    [sql] => SELECT * FROM x2_user AS user,x2_user_group AS user_group WHERE  user.userid = :id  AND user.usergroupid = user_group.groupid  LIMIT 512
    [v] => Array
        (
            [id] => 1
        )

)
Array
(
    [0] => 00000
    [1] => 
    [2] => 
)
Array
(
    [sql] => SELECT * FROM x2_app WHERE 1
    [v] => 
)
Array
(
    [0] => 00000
    [1] => 
    [2] => 
)
Array
(
    [sql] => SELECT * FROM x2_session WHERE  sessionid = :sessionid  LIMIT 512
    [v] => Array
        (
            [sessionid] => hqrvnl8ae972hd4avonhonmjc6
        )

)
Array
(
    [0] => 00000
    [1] => 
    [2] => 
)
Array
(
    [sql] => SELECT * FROM x2_session WHERE  sessionid = :sessionid  LIMIT 512
    [v] => Array
        (
            [sessionid] => hqrvnl8ae972hd4avonhonmjc6
        )

)
Array
(
    [0] => 00000
    [1] => 
    [2] => 
)
Array
(
    [sql] => SELECT * FROM x2_user_group WHERE  groupid = :groupid  ORDER BY groupid DESC
    [v] => Array
        (
            [groupid] => 1
        )

)
Array
(
    [0] => 00000
    [1] => 
    [2] => 
)
Array
(
    [sql] => SELECT * FROM x2_user AS user,x2_user_group AS user_group WHERE  user.userid = :id  AND user.usergroupid = user_group.groupid  LIMIT 512
    [v] => Array
        (
            [id] => 1
        )

)
Array
(
    [0] => 00000
    [1] => 
    [2] => 
)
Array
(
    [sql] => SELECT * FROM x2_app WHERE 1
    [v] => 
)
Array
(
    [0] => 00000
    [1] => 
    [2] => 
)
Array
(
    [sql] => SELECT * FROM x2_questype WHERE 1 LIMIT 512
    [v] => 
)
Array
(
    [0] => 00000
    [1] => 
    [2] => 
)
Array
(
    [sql] => SELECT * FROM x2_questions WHERE  questionstatus = '1'  AND questionparent = 0  ORDER BY questionid DESC LIMIT 0,10
    [v] => Array
        (
        )

)
Array
(
    [0] => 00000
    [1] => 
    [2] => 
)
Array
(
    [sql] => SELECT count(*) AS number FROM x2_questions WHERE  questionstatus = '1'  AND questionparent = 0  LIMIT 512
    [v] => Array
        (
        )

)
Array
(
    [0] => 00000
    [1] => 
    [2] => 
)
Array
(
    [sql] => SELECT * FROM x2_subject WHERE 1 LIMIT 512
    [v] => 
)
Array
(
    [0] => 00000
    [1] => 
    [2] => 
)
Array
(
    [sql] => SELECT * FROM x2_sections WHERE  sectionsubjectid = :sectionsubjectid  LIMIT 512
    [v] => Array
        (
            [sectionsubjectid] => 
        )

)
Array
(
    [0] => 00000
    [1] => 
    [2] => 
)
Array
(
    [sql] => SELECT * FROM x2_knows WHERE  knowsstatus = 1  AND knowssectionid = :knowssectionid  ORDER BY knowsid ASC
    [v] => Array
        (
            [knowssectionid] => 
        )

)
Array
(
    [0] => 00000
    [1] => 
    [2] => 
)
